<?xml version="1.0" encoding="UTF-8"?>
<!-- Generated by org.testng.reporters.JUnitXMLReporter -->
<testsuite ignored="0" hostname="Akeem" failures="0" tests="13" name="Default test" time="87.119" errors="0" timestamp="2023-03-04T17:40:36 CST">
  <testcase classname="testcases.TC5" name="presetup" time="4.864"/>
  <testcase classname="testcases.TC5" name="navigatetestingformpage" time="2.401"/>
  <testcase classname="testcases.TC5" name="formfill" time="0.729"/>
  <testcase classname="testcases.TC5" name="formfill" time="1.523"/>
  <testcase classname="testcases.TC5" name="formfill" time="1.397"/>
  <testcase classname="testcases.TC5" name="formfill" time="1.238"/>
  <testcase classname="testcases.TC5" name="formfill" time="3.017"/>
  <testcase classname="testcases.TC5" name="formfill" time="14.834"/>
  <testcase classname="testcases.TC5" name="formfill" time="1.612"/>
  <testcase classname="testcases.TC5" name="formfill" time="21.467"/>
  <testcase classname="testcases.TC5" name="formfill" time="11.264"/>
  <testcase classname="testcases.TC5" name="formfill" time="21.311"/>
  <testcase classname="testcases.TC5" name="closesbrowser" time="0.504"/>
</testsuite> <!-- Default test -->
