<?xml version="1.0" encoding="UTF-8"?>
<testng-results ignored="0" total="13" passed="13" failed="0" skipped="0">
  <reporter-output>
  </reporter-output>
  <suite started-at="2023-03-04T17:39:09 CST" name="Default suite" finished-at="2023-03-04T17:40:36 CST" duration-ms="87119">
    <groups>
    </groups>
    <test started-at="2023-03-04T17:39:09 CST" name="Default test" finished-at="2023-03-04T17:40:36 CST" duration-ms="87119">
      <class name="testcases.TC5">
        <test-method signature="presetup()[pri:1, instance:testcases.TC5@27ce24aa]" started-at="2023-03-04T17:39:09 CST" name="presetup" finished-at="2023-03-04T17:39:14 CST" duration-ms="4864" status="PASS">
          <reporter-output>
          </reporter-output>
        </test-method> <!-- presetup -->
        <test-method signature="navigatetestingformpage()[pri:2, instance:testcases.TC5@27ce24aa]" started-at="2023-03-04T17:39:14 CST" name="navigatetestingformpage" finished-at="2023-03-04T17:39:17 CST" duration-ms="2401" status="PASS">
          <reporter-output>
          </reporter-output>
        </test-method> <!-- navigatetestingformpage -->
        <test-method signature="formfill(java.lang.String,java.lang.String,java.lang.String,java.lang.String,java.lang.String,java.lang.String)[pri:3, instance:testcases.TC5@27ce24aa]" started-at="2023-03-04T17:39:18 CST" name="formfill" data-provider="supplyData" finished-at="2023-03-04T17:39:18 CST" duration-ms="729" status="PASS">
          <params>
            <param index="0">
              <value>
                <![CDATA[Amit]]>
              </value>
            </param>
            <param index="1">
              <value>
                <![CDATA[abid]]>
              </value>
            </param>
            <param index="2">
              <value>
                <![CDATA[ifako]]>
              </value>
            </param>
            <param index="3">
              <value>
                <![CDATA[India]]>
              </value>
            </param>
            <param index="4">
              <value>
                <![CDATA[Male]]>
              </value>
            </param>
            <param index="5">
              <value>
                <![CDATA[Cricket]]>
              </value>
            </param>
          </params>
          <reporter-output>
          </reporter-output>
        </test-method> <!-- formfill -->
        <test-method signature="formfill(java.lang.String,java.lang.String,java.lang.String,java.lang.String,java.lang.String,java.lang.String)[pri:3, instance:testcases.TC5@27ce24aa]" started-at="2023-03-04T17:39:18 CST" name="formfill" data-provider="supplyData" finished-at="2023-03-04T17:39:20 CST" duration-ms="1523" status="PASS">
          <params>
            <param index="0">
              <value>
                <![CDATA[sam]]>
              </value>
            </param>
            <param index="1">
              <value>
                <![CDATA[ope]]>
              </value>
            </param>
            <param index="2">
              <value>
                <![CDATA[gbagada]]>
              </value>
            </param>
            <param index="3">
              <value>
                <![CDATA[America]]>
              </value>
            </param>
            <param index="4">
              <value>
                <![CDATA[Male]]>
              </value>
            </param>
            <param index="5">
              <value>
                <![CDATA[Hockey]]>
              </value>
            </param>
          </params>
          <reporter-output>
          </reporter-output>
        </test-method> <!-- formfill -->
        <test-method signature="formfill(java.lang.String,java.lang.String,java.lang.String,java.lang.String,java.lang.String,java.lang.String)[pri:3, instance:testcases.TC5@27ce24aa]" started-at="2023-03-04T17:39:20 CST" name="formfill" data-provider="supplyData" finished-at="2023-03-04T17:39:21 CST" duration-ms="1397" status="PASS">
          <params>
            <param index="0">
              <value>
                <![CDATA[summit]]>
              </value>
            </param>
            <param index="1">
              <value>
                <![CDATA[abijan]]>
              </value>
            </param>
            <param index="2">
              <value>
                <![CDATA[ilupeju]]>
              </value>
            </param>
            <param index="3">
              <value>
                <![CDATA[India]]>
              </value>
            </param>
            <param index="4">
              <value>
                <![CDATA[Female]]>
              </value>
            </param>
            <param index="5">
              <value>
                <![CDATA[Football]]>
              </value>
            </param>
          </params>
          <reporter-output>
          </reporter-output>
        </test-method> <!-- formfill -->
        <test-method signature="formfill(java.lang.String,java.lang.String,java.lang.String,java.lang.String,java.lang.String,java.lang.String)[pri:3, instance:testcases.TC5@27ce24aa]" started-at="2023-03-04T17:39:21 CST" name="formfill" data-provider="supplyData" finished-at="2023-03-04T17:39:22 CST" duration-ms="1238" status="PASS">
          <params>
            <param index="0">
              <value>
                <![CDATA[akeem]]>
              </value>
            </param>
            <param index="1">
              <value>
                <![CDATA[olalere]]>
              </value>
            </param>
            <param index="2">
              <value>
                <![CDATA[ikorodu]]>
              </value>
            </param>
            <param index="3">
              <value>
                <![CDATA[India]]>
              </value>
            </param>
            <param index="4">
              <value>
                <![CDATA[Male]]>
              </value>
            </param>
            <param index="5">
              <value>
                <![CDATA[Cricket]]>
              </value>
            </param>
          </params>
          <reporter-output>
          </reporter-output>
        </test-method> <!-- formfill -->
        <test-method signature="formfill(java.lang.String,java.lang.String,java.lang.String,java.lang.String,java.lang.String,java.lang.String)[pri:3, instance:testcases.TC5@27ce24aa]" started-at="2023-03-04T17:39:22 CST" name="formfill" data-provider="supplyData" finished-at="2023-03-04T17:39:25 CST" duration-ms="3017" status="PASS">
          <params>
            <param index="0">
              <value>
                <![CDATA[daniel]]>
              </value>
            </param>
            <param index="1">
              <value>
                <![CDATA[arce]]>
              </value>
            </param>
            <param index="2">
              <value>
                <![CDATA[anthony]]>
              </value>
            </param>
            <param index="3">
              <value>
                <![CDATA[India]]>
              </value>
            </param>
            <param index="4">
              <value>
                <![CDATA[Male]]>
              </value>
            </param>
            <param index="5">
              <value>
                <![CDATA[Hockey]]>
              </value>
            </param>
          </params>
          <reporter-output>
          </reporter-output>
        </test-method> <!-- formfill -->
        <test-method signature="formfill(java.lang.String,java.lang.String,java.lang.String,java.lang.String,java.lang.String,java.lang.String)[pri:3, instance:testcases.TC5@27ce24aa]" started-at="2023-03-04T17:39:25 CST" name="formfill" data-provider="supplyData" finished-at="2023-03-04T17:39:40 CST" duration-ms="14834" status="PASS">
          <params>
            <param index="0">
              <value>
                <![CDATA[josh]]>
              </value>
            </param>
            <param index="1">
              <value>
                <![CDATA[minad]]>
              </value>
            </param>
            <param index="2">
              <value>
                <![CDATA[mushin]]>
              </value>
            </param>
            <param index="3">
              <value>
                <![CDATA[Bangkadesh]]>
              </value>
            </param>
            <param index="4">
              <value>
                <![CDATA[Female]]>
              </value>
            </param>
            <param index="5">
              <value>
                <![CDATA[Football]]>
              </value>
            </param>
          </params>
          <reporter-output>
          </reporter-output>
        </test-method> <!-- formfill -->
        <test-method signature="formfill(java.lang.String,java.lang.String,java.lang.String,java.lang.String,java.lang.String,java.lang.String)[pri:3, instance:testcases.TC5@27ce24aa]" started-at="2023-03-04T17:39:40 CST" name="formfill" data-provider="supplyData" finished-at="2023-03-04T17:39:42 CST" duration-ms="1612" status="PASS">
          <params>
            <param index="0">
              <value>
                <![CDATA[leke]]>
              </value>
            </param>
            <param index="1">
              <value>
                <![CDATA[onanuga]]>
              </value>
            </param>
            <param index="2">
              <value>
                <![CDATA[ipaja]]>
              </value>
            </param>
            <param index="3">
              <value>
                <![CDATA[America]]>
              </value>
            </param>
            <param index="4">
              <value>
                <![CDATA[Male]]>
              </value>
            </param>
            <param index="5">
              <value>
                <![CDATA[Cricket]]>
              </value>
            </param>
          </params>
          <reporter-output>
          </reporter-output>
        </test-method> <!-- formfill -->
        <test-method signature="formfill(java.lang.String,java.lang.String,java.lang.String,java.lang.String,java.lang.String,java.lang.String)[pri:3, instance:testcases.TC5@27ce24aa]" started-at="2023-03-04T17:39:42 CST" name="formfill" data-provider="supplyData" finished-at="2023-03-04T17:40:03 CST" duration-ms="21467" status="PASS">
          <params>
            <param index="0">
              <value>
                <![CDATA[derin]]>
              </value>
            </param>
            <param index="1">
              <value>
                <![CDATA[bastard]]>
              </value>
            </param>
            <param index="2">
              <value>
                <![CDATA[brooklyn]]>
              </value>
            </param>
            <param index="3">
              <value>
                <![CDATA[Sri lanka]]>
              </value>
            </param>
            <param index="4">
              <value>
                <![CDATA[Male]]>
              </value>
            </param>
            <param index="5">
              <value>
                <![CDATA[Hockey]]>
              </value>
            </param>
          </params>
          <reporter-output>
          </reporter-output>
        </test-method> <!-- formfill -->
        <test-method signature="formfill(java.lang.String,java.lang.String,java.lang.String,java.lang.String,java.lang.String,java.lang.String)[pri:3, instance:testcases.TC5@27ce24aa]" started-at="2023-03-04T17:40:03 CST" name="formfill" data-provider="supplyData" finished-at="2023-03-04T17:40:15 CST" duration-ms="11264" status="PASS">
          <params>
            <param index="0">
              <value>
                <![CDATA[abeeb]]>
              </value>
            </param>
            <param index="1">
              <value>
                <![CDATA[ope]]>
              </value>
            </param>
            <param index="2">
              <value>
                <![CDATA[center]]>
              </value>
            </param>
            <param index="3">
              <value>
                <![CDATA[Bangkadesh]]>
              </value>
            </param>
            <param index="4">
              <value>
                <![CDATA[Female]]>
              </value>
            </param>
            <param index="5">
              <value>
                <![CDATA[Football]]>
              </value>
            </param>
          </params>
          <reporter-output>
          </reporter-output>
        </test-method> <!-- formfill -->
        <test-method signature="formfill(java.lang.String,java.lang.String,java.lang.String,java.lang.String,java.lang.String,java.lang.String)[pri:3, instance:testcases.TC5@27ce24aa]" started-at="2023-03-04T17:40:15 CST" name="formfill" data-provider="supplyData" finished-at="2023-03-04T17:40:36 CST" duration-ms="21311" status="PASS">
          <params>
            <param index="0">
              <value>
                <![CDATA[tunde]]>
              </value>
            </param>
            <param index="1">
              <value>
                <![CDATA[apari]]>
              </value>
            </param>
            <param index="2">
              <value>
                <![CDATA[maple grove]]>
              </value>
            </param>
            <param index="3">
              <value>
                <![CDATA[Sri lanka]]>
              </value>
            </param>
            <param index="4">
              <value>
                <![CDATA[Male]]>
              </value>
            </param>
            <param index="5">
              <value>
                <![CDATA[Cricket]]>
              </value>
            </param>
          </params>
          <reporter-output>
          </reporter-output>
        </test-method> <!-- formfill -->
        <test-method signature="closesbrowser()[pri:4, instance:testcases.TC5@27ce24aa]" started-at="2023-03-04T17:40:36 CST" name="closesbrowser" finished-at="2023-03-04T17:40:36 CST" duration-ms="504" status="PASS">
          <reporter-output>
          </reporter-output>
        </test-method> <!-- closesbrowser -->
      </class> <!-- testcases.TC5 -->
    </test> <!-- Default test -->
  </suite> <!-- Default suite -->
</testng-results>
